---
driver=<class 'textual.drivers.linux_driver.LinuxDriver'>
Load() >>> TextualLog(title='Textual')
Mount() >>> TextualLog(title='Textual Log Viewer')
Mount() >>> DockView(name='DockView#1')
Mount() >>> Header('')
Mount() >>> Footer(keys=[])
Mount() >>> Namespaces(name='Name space')
Mount() >>> View(name='left')
Mount() >>> Levels(name='Levels#1')
view.forwarded Key(key='i')
Key(key='i') >>> TextualLog(title='Textual Log Viewer')
Key(key='i') >>> TextualLog(title='Textual Log Viewer')
view.forwarded Key(key='i')
Key(key='i') >>> TextualLog(title='Textual Log Viewer')
Key(key='i') >>> TextualLog(title='Textual Log Viewer')
view.forwarded Key(key='q')
Key(key='q') >>> TextualLog(title='Textual Log Viewer')
Key(key='q') >>> TextualLog(title='Textual Log Viewer')
ACTION TextualLog(title='Textual Log Viewer') quit
CLOSED TextualLog(title='Textual Log Viewer')
PROCESS END
CLOSED View(name='left')
CLOSED Levels(name='Levels#1')
CLOSED DockView(name='DockView#1')
CLOSED Footer(keys=[])
CLOSED Header('Textual Log Viewer')
