level=WARNING ts=2022-05-02T11:17:55,575790 process=log_cs process_id=24424 caller=egse.logger.log_cs:137 msg="Logger terminated."
level=DEBUG ts=2022-05-02T11:18:38,035953 process=MainProcess process_id=25044 caller=egse.dsi.esl:88 msg="Locating shared library EtherSpaceLink_v34_86.dylib in dir 'lib/macOS'"
level=DEBUG ts=2022-05-02T11:18:38,047156 process=MainProcess process_id=25044 caller=egse.config:245 msg="Common-EGSE location is automatically determined: /Users/rik/git/plato-common-egse."
level=DEBUG ts=2022-05-02T11:18:38,288972 process=MainProcess process_id=25044 caller=egse.dsi.esl:92 msg="Loading shared library: /Users/rik/git/plato-common-egse/build/lib/egse/lib/macOS/EtherSpaceLink_v34_86.dylib"
level=DEBUG ts=2022-05-02T11:18:38,294179 process=MainProcess process_id=25044 caller=egse.dsi.rmap:107 msg="Locating shared library ESL-RMAP_v34_86.dylib in dir 'lib/macOS'"
level=DEBUG ts=2022-05-02T11:18:38,499357 process=MainProcess process_id=25044 caller=egse.dsi.rmap:111 msg="Loading shared library: /Users/rik/git/plato-common-egse/build/lib/egse/lib/macOS/ESL-RMAP_v34_86.dylib"
level=DEBUG ts=2022-05-02T11:18:38,519802 process=MainProcess process_id=25044 caller=egse.settings:147 msg="Parsing YAML configuration file /Users/rik/git/plato-common-egse/src/egse/storage/storage.yaml."
level=DEBUG ts=2022-05-02T11:18:38,589416 process=storage_cs process_id=25044 caller=egse.storage.storage_cs:191 msg="location = /Users/rik/data/CSL"
level=DEBUG ts=2022-05-02T11:18:38,594301 process=storage_cs process_id=25044 caller=egse.settings:147 msg="Parsing YAML configuration file /Users/rik/git/plato-common-egse/src/egse/services.yaml."
level=DEBUG ts=2022-05-02T11:18:38,607076 process=storage_cs process_id=25044 caller=egse.protocol:532 msg="Creating ServiceCommand command with name='set_monitoring_frequency', cmd='{delay}', device_method=None"
level=DEBUG ts=2022-05-02T11:18:38,607819 process=storage_cs process_id=25044 caller=egse.protocol:532 msg="Creating ServiceCommand command with name='set_hk_frequency', cmd='{delay}', device_method=None"
level=DEBUG ts=2022-05-02T11:18:38,607925 process=storage_cs process_id=25044 caller=egse.protocol:532 msg="Creating ServiceCommand command with name='set_logging_level', cmd='{name} {level}', device_method=None"
level=DEBUG ts=2022-05-02T11:18:38,607996 process=storage_cs process_id=25044 caller=egse.protocol:532 msg="Creating ServiceCommand command with name='quit_server', cmd='', device_method=None"
level=DEBUG ts=2022-05-02T11:18:38,608076 process=storage_cs process_id=25044 caller=egse.protocol:532 msg="Creating ServiceCommand command with name='get_process_status', cmd='', device_method=None"
level=DEBUG ts=2022-05-02T11:18:38,608165 process=storage_cs process_id=25044 caller=egse.protocol:532 msg="Creating ServiceCommand command with name='get_cs_module', cmd='', device_method=None"
level=INFO ts=2022-05-02T11:18:38,608405 process=storage_cs process_id=25044 caller=egse.protocol:318 msg="Binding to tcp://*:6102"
level=INFO ts=2022-05-02T11:18:38,608859 process=storage_cs process_id=25044 caller=egse.protocol:318 msg="Binding to tcp://*:6101"
level=DEBUG ts=2022-05-02T11:18:38,609252 process=storage_cs process_id=25044 caller=egse.protocol:532 msg="Creating StorageCommand command with name='start_observation', cmd='{obsid}', device_method=<function StorageController.start_observation at 0x7f9c40484a60>"
level=DEBUG ts=2022-05-02T11:18:38,609404 process=storage_cs process_id=25044 caller=egse.protocol:532 msg="Creating StorageCommand command with name='end_observation', cmd='{obsid}', device_method=<function StorageController.end_observation at 0x7f9c40484af0>"
level=DEBUG ts=2022-05-02T11:18:38,609504 process=storage_cs process_id=25044 caller=egse.protocol:532 msg="Creating StorageCommand command with name='get_obsid', cmd='', device_method=<function StorageController.get_obsid at 0x7f9c40484b80>"
level=DEBUG ts=2022-05-02T11:18:38,609568 process=storage_cs process_id=25044 caller=egse.protocol:532 msg="Creating StorageCommand command with name='save', cmd='{packet}', device_method=<function StorageController.save at 0x7f9c40484c10>"
level=DEBUG ts=2022-05-02T11:18:38,609624 process=storage_cs process_id=25044 caller=egse.protocol:532 msg="Creating StorageCommand command with name='read', cmd='{item}', device_method=<function StorageController.read at 0x7f9c40484ca0>"
level=DEBUG ts=2022-05-02T11:18:38,609736 process=storage_cs process_id=25044 caller=egse.protocol:532 msg="Creating StorageCommand command with name='register', cmd='{client_info}', device_method=<function StorageController.register at 0x7f9c40484d30>"
level=DEBUG ts=2022-05-02T11:18:38,609822 process=storage_cs process_id=25044 caller=egse.protocol:532 msg="Creating StorageCommand command with name='unregister', cmd='{client_info}', device_method=<function StorageController.unregister at 0x7f9c40484dc0>"
level=DEBUG ts=2022-05-02T11:18:38,609897 process=storage_cs process_id=25044 caller=egse.protocol:532 msg="Creating StorageCommand command with name='get_registry_names', cmd='', device_method=<function StorageController.get_registry_names at 0x7f9c40484e50>"
level=DEBUG ts=2022-05-02T11:18:38,609961 process=storage_cs process_id=25044 caller=egse.protocol:532 msg="Creating StorageCommand command with name='cycle_daily_files', cmd='', device_method=<function StorageController.cycle_daily_files at 0x7f9c40484ee0>"
level=DEBUG ts=2022-05-02T11:18:38,610035 process=storage_cs process_id=25044 caller=egse.protocol:532 msg="Creating StorageCommand command with name='get_storage_location', cmd='', device_method=<function StorageController.get_storage_location at 0x7f9c40484f70>"
level=DEBUG ts=2022-05-02T11:18:38,610106 process=storage_cs process_id=25044 caller=egse.protocol:532 msg="Creating StorageCommand command with name='new_registration', cmd='{item}, {use_counter}', device_method=<function StorageController.new_registration at 0x7f9c404830d0>"
level=DEBUG ts=2022-05-02T11:18:38,610187 process=storage_cs process_id=25044 caller=egse.protocol:532 msg="Creating StorageCommand command with name='get_filenames', cmd='{item}', device_method=<function StorageController.get_filenames at 0x7f9c40483040>"
level=DEBUG ts=2022-05-02T11:18:38,610251 process=storage_cs process_id=25044 caller=egse.protocol:532 msg="Creating StorageCommand command with name='get_disk_usage', cmd='', device_method=<function StorageController.get_disk_usage at 0x7f9c40483160>"
level=DEBUG ts=2022-05-02T11:18:38,610328 process=storage_cs process_id=25044 caller=egse.storage.storage_cs:46 msg="Binding ZeroMQ socket to tcp://*:6100"
level=INFO ts=2022-05-02T11:18:38,610366 process=storage_cs process_id=25044 caller=egse.protocol:318 msg="Binding to tcp://*:6100"
level=DEBUG ts=2022-05-02T11:18:38,938693 process=MainProcess process_id=25057 caller=egse.resource:205 msg="Resources have been defined: DEFAULT_RESOURCES={'icons': '/icons', 'images': '/images', 'lib': '/lib', 'styles': '/styles', 'data': '/data', 'aeudata': '/aeu/arbdata'}"
level=DEBUG ts=2022-05-02T11:18:39,855356 process=MainProcess process_id=25057 caller=egse.dsi.esl:88 msg="Locating shared library EtherSpaceLink_v34_86.dylib in dir 'lib/macOS'"
level=DEBUG ts=2022-05-02T11:18:39,866923 process=MainProcess process_id=25057 caller=egse.config:245 msg="Common-EGSE location is automatically determined: /Users/rik/git/plato-common-egse."
level=DEBUG ts=2022-05-02T11:18:40,071363 process=MainProcess process_id=25057 caller=egse.dsi.esl:92 msg="Loading shared library: /Users/rik/git/plato-common-egse/build/lib/egse/lib/macOS/EtherSpaceLink_v34_86.dylib"
level=DEBUG ts=2022-05-02T11:18:40,077462 process=MainProcess process_id=25057 caller=egse.dsi.rmap:107 msg="Locating shared library ESL-RMAP_v34_86.dylib in dir 'lib/macOS'"
level=DEBUG ts=2022-05-02T11:18:40,288326 process=MainProcess process_id=25057 caller=egse.dsi.rmap:111 msg="Loading shared library: /Users/rik/git/plato-common-egse/build/lib/egse/lib/macOS/ESL-RMAP_v34_86.dylib"
level=DEBUG ts=2022-05-02T11:18:40,294831 process=MainProcess process_id=25057 caller=egse.settings:147 msg="Parsing YAML configuration file /Users/rik/git/plato-common-egse/src/egse/storage/storage.yaml."
level=DEBUG ts=2022-05-02T11:18:40,304415 process=MainProcess process_id=25057 caller=egse.settings:147 msg="Parsing YAML configuration file /Users/rik/git/plato-common-egse/src/egse/confman/confman.yaml."
level=DEBUG ts=2022-05-02T11:18:40,323134 process=confman_cs process_id=25057 caller=egse.confman.confman_cs:215 msg="location = /Users/rik/git/plato-cgse-conf/data/CSL/conf"
level=DEBUG ts=2022-05-02T11:18:40,325478 process=confman_cs process_id=25057 caller=egse.settings:147 msg="Parsing YAML configuration file /Users/rik/git/plato-common-egse/src/egse/services.yaml."
level=DEBUG ts=2022-05-02T11:18:40,333522 process=confman_cs process_id=25057 caller=egse.protocol:532 msg="Creating ServiceCommand command with name='set_monitoring_frequency', cmd='{delay}', device_method=None"
level=DEBUG ts=2022-05-02T11:18:40,333834 process=confman_cs process_id=25057 caller=egse.protocol:532 msg="Creating ServiceCommand command with name='set_hk_frequency', cmd='{delay}', device_method=None"
level=DEBUG ts=2022-05-02T11:18:40,333918 process=confman_cs process_id=25057 caller=egse.protocol:532 msg="Creating ServiceCommand command with name='set_logging_level', cmd='{name} {level}', device_method=None"
level=DEBUG ts=2022-05-02T11:18:40,333973 process=confman_cs process_id=25057 caller=egse.protocol:532 msg="Creating ServiceCommand command with name='quit_server', cmd='', device_method=None"
level=DEBUG ts=2022-05-02T11:18:40,334032 process=confman_cs process_id=25057 caller=egse.protocol:532 msg="Creating ServiceCommand command with name='get_process_status', cmd='', device_method=None"
level=DEBUG ts=2022-05-02T11:18:40,334101 process=confman_cs process_id=25057 caller=egse.protocol:532 msg="Creating ServiceCommand command with name='get_cs_module', cmd='', device_method=None"
level=INFO ts=2022-05-02T11:18:40,334315 process=confman_cs process_id=25057 caller=egse.protocol:318 msg="Binding to tcp://*:6002"
level=INFO ts=2022-05-02T11:18:40,334583 process=confman_cs process_id=25057 caller=egse.protocol:318 msg="Binding to tcp://*:6001"
level=DEBUG ts=2022-05-02T11:18:40,338739 process=storage_cs process_id=25044 caller=egse.storage.persistence:1957 msg="Opening file /Users/rik/data/CSL/obsid-table.txt in mode 'a'"
level=INFO ts=2022-05-02T11:18:40,338928 process=storage_cs process_id=25044 caller=egse.storage:833 msg="Storage successfully registered obsid"
level=INFO ts=2022-05-02T11:18:40,339174 process=confman_cs process_id=25057 caller=egse.confman:414 msg="Storage successfully registered obsid"
level=INFO ts=2022-05-02T11:18:40,339434 process=confman_cs process_id=25057 caller=egse.confman:183 msg="Populating cache with Setup Info."
level=WARNING ts=2022-05-02T11:18:40,339630 process=confman_cs process_id=25057 caller=egse.confman:439 msg="SetupInfo cache is not populated, loading Setup 0 from /Users/rik/git/plato-cgse-conf/data/CSL/conf"
level=DEBUG ts=2022-05-02T11:18:40,341291 process=confman_cs process_id=25057 caller=egse.settings:147 msg="Parsing YAML configuration file /Users/rik/git/plato-cgse-conf/data/CSL/conf/SETUP_CSL_00000_200909_120000.yaml."
level=DEBUG ts=2022-05-02T11:18:40,341781 process=confman_cs process_id=25057 caller=egse.settings:147 msg="Parsing YAML configuration file /Users/rik/git/plato-cgse-conf/data/CSL/conf/SETUP_CSL_00066_210902_093852.yaml."
level=DEBUG ts=2022-05-02T11:18:40,342795 process=confman_cs process_id=25057 caller=egse.settings:147 msg="Parsing YAML configuration file /Users/rik/.cgse/local_settings.yaml."
level=DEBUG ts=2022-05-02T11:18:40,381812 process=MainProcess process_id=25064 caller=egse.resource:205 msg="Resources have been defined: DEFAULT_RESOURCES={'icons': '/icons', 'images': '/images', 'lib': '/lib', 'styles': '/styles', 'data': '/data', 'aeudata': '/aeu/arbdata'}"
level=INFO ts=2022-05-02T11:18:40,388781 process=confman_cs process_id=25057 caller=egse.confman:445 msg="Setup loaded: /Users/rik/git/plato-cgse-conf/data/CSL/conf/SETUP_CSL_00000_200909_120000.yaml"
level=DEBUG ts=2022-05-02T11:18:40,395308 process=confman_cs process_id=25057 caller=egse.protocol:532 msg="Creating ConfigurationManagerCommand command with name='start_observation', cmd='{function_info}', device_method=<function ConfigurationManagerController.start_observation at 0x7fc6a07089d0>"
level=DEBUG ts=2022-05-02T11:18:40,402747 process=confman_cs process_id=25057 caller=egse.settings:147 msg="Parsing YAML configuration file /Users/rik/.cgse/local_settings.yaml."
level=DEBUG ts=2022-05-02T11:18:40,402836 process=confman_cs process_id=25057 caller=egse.protocol:532 msg="Creating ConfigurationManagerCommand command with name='end_observation', cmd='', device_method=<function ConfigurationManagerController.end_observation at 0x7fc6a0708940>"
level=DEBUG ts=2022-05-02T11:18:40,409374 process=confman_cs process_id=25057 caller=egse.settings:147 msg="Parsing YAML configuration file /Users/rik/git/plato-cgse-conf/data/CSL/conf/SETUP_CSL_00044_210611_123028.yaml."
level=DEBUG ts=2022-05-02T11:18:40,409496 process=confman_cs process_id=25057 caller=egse.protocol:532 msg="Creating ConfigurationManagerCommand command with name='get_obsid', cmd='', device_method=<function ConfigurationManagerController.get_obsid at 0x7fc6a0708a60>"
level=DEBUG ts=2022-05-02T11:18:40,409748 process=confman_cs process_id=25057 caller=egse.protocol:532 msg="Creating ConfigurationManagerCommand command with name='load_setup', cmd='{id}', device_method=<function ConfigurationManagerController.load_setup at 0x7fc6a0708b80>"
level=DEBUG ts=2022-05-02T11:18:40,409830 process=confman_cs process_id=25057 caller=egse.protocol:532 msg="Creating ConfigurationManagerCommand command with name='get_setup', cmd='*', device_method=<function ConfigurationManagerController.get_setup at 0x7fc6a0708af0>"
level=DEBUG ts=2022-05-02T11:18:40,409881 process=confman_cs process_id=25057 caller=egse.protocol:532 msg="Creating ConfigurationManagerCommand command with name='reload_setups', cmd='', device_method=<function ConfigurationManagerController.reload_setups at 0x7fc6a0727ca0>"
level=DEBUG ts=2022-05-02T11:18:40,410121 process=confman_cs process_id=25057 caller=egse.protocol:532 msg="Creating ConfigurationManagerCommand command with name='list_setups', cmd='**', device_method=<function ConfigurationManagerController.list_setups at 0x7fc6a0727c10>"
level=DEBUG ts=2022-05-02T11:18:40,410188 process=confman_cs process_id=25057 caller=egse.protocol:532 msg="Creating ConfigurationManagerCommand command with name='submit_setup', cmd='{setup} {description}', device_method=<function ConfigurationManagerController.submit_setup at 0x7fc6a0727af0>"
level=DEBUG ts=2022-05-02T11:18:40,410265 process=confman_cs process_id=25057 caller=egse.protocol:532 msg="Creating ConfigurationManagerCommand command with name='get_devices_for_current_setup', cmd='', device_method=<function ConfigurationManagerController.get_devices_for_current_setup at 0x7fc6a0727a60>"
level=DEBUG ts=2022-05-02T11:18:40,410328 process=confman_cs process_id=25057 caller=egse.protocol:532 msg="Creating ConfigurationManagerCommand command with name='get_setup_for_obsid', cmd='{obsid}', device_method=<function ConfigurationManagerController.get_setup_for_obsid at 0x7fc6a0727b80>"
level=DEBUG ts=2022-05-02T11:18:40,452239 process=confman_cs process_id=25057 caller=egse.settings:147 msg="Parsing YAML configuration file /Users/rik/.cgse/local_settings.yaml."
level=DEBUG ts=2022-05-02T11:18:40,459990 process=confman_cs process_id=25057 caller=egse.settings:147 msg="Parsing YAML configuration file /Users/rik/git/plato-cgse-conf/data/CSL/conf/SETUP_CSL_00045_210630_130334.yaml."
level=DEBUG ts=2022-05-02T11:18:40,508187 process=confman_cs process_id=25057 caller=egse.settings:147 msg="Parsing YAML configuration file /Users/rik/.cgse/local_settings.yaml."
level=DEBUG ts=2022-05-02T11:18:40,515384 process=confman_cs process_id=25057 caller=egse.settings:147 msg="Parsing YAML configuration file /Users/rik/git/plato-cgse-conf/data/CSL/conf/SETUP_CSL_00078_210917_084123.yaml."
level=DEBUG ts=2022-05-02T11:18:40,526313 process=confman_cs process_id=25057 caller=egse.confman.confman_cs:43 msg="Binding ZeroMQ socket to tcp://*:6000"
level=INFO ts=2022-05-02T11:18:40,532359 process=confman_cs process_id=25057 caller=egse.protocol:318 msg="Binding to tcp://*:6000"
level=DEBUG ts=2022-05-02T11:18:40,579881 process=confman_cs process_id=25057 caller=egse.settings:147 msg="Parsing YAML configuration file /Users/rik/.cgse/local_settings.yaml."
level=DEBUG ts=2022-05-02T11:18:40,588391 process=confman_cs process_id=25057 caller=egse.settings:147 msg="Parsing YAML configuration file /Users/rik/git/plato-cgse-conf/data/CSL/conf/SETUP_CSL_00025_201013_081304.yaml."
level=DEBUG ts=2022-05-02T11:18:40,601473 process=confman_cs process_id=25057 caller=egse.settings:147 msg="Parsing YAML configuration file /Users/rik/.cgse/local_settings.yaml."
level=DEBUG ts=2022-05-02T11:18:40,608073 process=confman_cs process_id=25057 caller=egse.settings:147 msg="Parsing YAML configuration file /Users/rik/git/plato-cgse-conf/data/CSL/conf/SETUP_CSL_00018_201008_145328.yaml."
level=DEBUG ts=2022-05-02T11:18:40,619750 process=confman_cs process_id=25057 caller=egse.settings:147 msg="Parsing YAML configuration file /Users/rik/.cgse/local_settings.yaml."
level=DEBUG ts=2022-05-02T11:18:40,626662 process=confman_cs process_id=25057 caller=egse.settings:147 msg="Parsing YAML configuration file /Users/rik/git/plato-cgse-conf/data/CSL/conf/SETUP_CSL_00040_210609_091842.yaml."
level=DEBUG ts=2022-05-02T11:18:40,666397 process=confman_cs process_id=25057 caller=egse.settings:147 msg="Parsing YAML configuration file /Users/rik/.cgse/local_settings.yaml."
level=DEBUG ts=2022-05-02T11:18:40,673143 process=confman_cs process_id=25057 caller=egse.settings:147 msg="Parsing YAML configuration file /Users/rik/git/plato-cgse-conf/data/CSL/conf/SETUP_CSL_00085_210927_075650.yaml."
level=DEBUG ts=2022-05-02T11:18:40,744580 process=confman_cs process_id=25057 caller=egse.settings:147 msg="Parsing YAML configuration file /Users/rik/.cgse/local_settings.yaml."
level=DEBUG ts=2022-05-02T11:18:40,754029 process=confman_cs process_id=25057 caller=egse.settings:147 msg="Parsing YAML configuration file /Users/rik/git/plato-cgse-conf/data/CSL/conf/SETUP_CSL_00075_210913_094520.yaml."
level=DEBUG ts=2022-05-02T11:18:40,821532 process=confman_cs process_id=25057 caller=egse.settings:147 msg="Parsing YAML configuration file /Users/rik/.cgse/local_settings.yaml."
level=DEBUG ts=2022-05-02T11:18:40,828522 process=confman_cs process_id=25057 caller=egse.settings:147 msg="Parsing YAML configuration file /Users/rik/git/plato-cgse-conf/data/CSL/conf/SETUP_CSL_00076_210916_064922.yaml."
level=DEBUG ts=2022-05-02T11:18:40,892028 process=confman_cs process_id=25057 caller=egse.settings:147 msg="Parsing YAML configuration file /Users/rik/.cgse/local_settings.yaml."
level=DEBUG ts=2022-05-02T11:18:40,898875 process=confman_cs process_id=25057 caller=egse.settings:147 msg="Parsing YAML configuration file /Users/rik/git/plato-cgse-conf/data/CSL/conf/SETUP_CSL_00080_210917_105245.yaml."
level=DEBUG ts=2022-05-02T11:18:40,995609 process=confman_cs process_id=25057 caller=egse.settings:147 msg="Parsing YAML configuration file /Users/rik/.cgse/local_settings.yaml."
level=DEBUG ts=2022-05-02T11:18:41,002513 process=confman_cs process_id=25057 caller=egse.settings:147 msg="Parsing YAML configuration file /Users/rik/git/plato-cgse-conf/data/CSL/conf/SETUP_CSL_00093_211025_183920.yaml."
level=DEBUG ts=2022-05-02T11:18:41,092496 process=confman_cs process_id=25057 caller=egse.settings:147 msg="Parsing YAML configuration file /Users/rik/.cgse/local_settings.yaml."
level=DEBUG ts=2022-05-02T11:18:41,101370 process=confman_cs process_id=25057 caller=egse.settings:147 msg="Parsing YAML configuration file /Users/rik/git/plato-cgse-conf/data/CSL/conf/SETUP_CSL_00039_210609_083303.yaml."
level=DEBUG ts=2022-05-02T11:18:41,144888 process=confman_cs process_id=25057 caller=egse.settings:147 msg="Parsing YAML configuration file /Users/rik/.cgse/local_settings.yaml."
level=DEBUG ts=2022-05-02T11:18:41,151928 process=confman_cs process_id=25057 caller=egse.settings:147 msg="Parsing YAML configuration file /Users/rik/git/plato-cgse-conf/data/CSL/conf/SETUP_CSL_00017_201008_084632.yaml."
level=DEBUG ts=2022-05-02T11:18:41,163294 process=confman_cs process_id=25057 caller=egse.settings:147 msg="Parsing YAML configuration file /Users/rik/.cgse/local_settings.yaml."
level=DEBUG ts=2022-05-02T11:18:41,169632 process=confman_cs process_id=25057 caller=egse.settings:147 msg="Parsing YAML configuration file /Users/rik/git/plato-cgse-conf/data/CSL/conf/SETUP_CSL_00050_210727_123334.yaml."
level=DEBUG ts=2022-05-02T11:18:41,211570 process=confman_cs process_id=25057 caller=egse.settings:147 msg="Parsing YAML configuration file /Users/rik/.cgse/local_settings.yaml."
level=DEBUG ts=2022-05-02T11:18:41,219197 process=confman_cs process_id=25057 caller=egse.settings:147 msg="Parsing YAML configuration file /Users/rik/git/plato-cgse-conf/data/CSL/conf/SETUP_CSL_00013_200929_140341.yaml."
level=DEBUG ts=2022-05-02T11:18:41,223721 process=confman_cs process_id=25057 caller=egse.settings:147 msg="Parsing YAML configuration file /Users/rik/.cgse/local_settings.yaml."
level=DEBUG ts=2022-05-02T11:18:41,231395 process=confman_cs process_id=25057 caller=egse.settings:147 msg="Parsing YAML configuration file /Users/rik/git/plato-cgse-conf/data/CSL/conf/SETUP_CSL_00032_210514_132034.yaml."
level=DEBUG ts=2022-05-02T11:18:41,281232 process=confman_cs process_id=25057 caller=egse.settings:147 msg="Parsing YAML configuration file /Users/rik/.cgse/local_settings.yaml."
level=DEBUG ts=2022-05-02T11:18:41,288997 process=confman_cs process_id=25057 caller=egse.settings:147 msg="Parsing YAML configuration file /Users/rik/git/plato-cgse-conf/data/CSL/conf/SETUP_CSL_00020_201009_085413.yaml."
level=DEBUG ts=2022-05-02T11:18:41,301137 process=confman_cs process_id=25057 caller=egse.settings:147 msg="Parsing YAML configuration file /Users/rik/.cgse/local_settings.yaml."
level=DEBUG ts=2022-05-02T11:18:41,308193 process=confman_cs process_id=25057 caller=egse.settings:147 msg="Parsing YAML configuration file /Users/rik/git/plato-cgse-conf/data/CSL/conf/SETUP_CSL_00037_210608_123028.yaml."
level=DEBUG ts=2022-05-02T11:18:41,323529 process=MainProcess process_id=25064 caller=egse.dsi.esl:88 msg="Locating shared library EtherSpaceLink_v34_86.dylib in dir 'lib/macOS'"
level=DEBUG ts=2022-05-02T11:18:41,336902 process=MainProcess process_id=25064 caller=egse.config:245 msg="Common-EGSE location is automatically determined: /Users/rik/git/plato-common-egse."
level=DEBUG ts=2022-05-02T11:18:41,351006 process=confman_cs process_id=25057 caller=egse.settings:147 msg="Parsing YAML configuration file /Users/rik/.cgse/local_settings.yaml."
level=DEBUG ts=2022-05-02T11:18:41,358538 process=confman_cs process_id=25057 caller=egse.settings:147 msg="Parsing YAML configuration file /Users/rik/git/plato-cgse-conf/data/CSL/conf/SETUP_CSL_00028_201028_155259.yaml."
level=DEBUG ts=2022-05-02T11:18:41,373885 process=confman_cs process_id=25057 caller=egse.settings:147 msg="Parsing YAML configuration file /Users/rik/.cgse/local_settings.yaml."
level=DEBUG ts=2022-05-02T11:18:41,382064 process=confman_cs process_id=25057 caller=egse.settings:147 msg="Parsing YAML configuration file /Users/rik/git/plato-cgse-conf/data/CSL/conf/SETUP_CSL_00067_210903_073713.yaml."
level=DEBUG ts=2022-05-02T11:18:41,443083 process=confman_cs process_id=25057 caller=egse.settings:147 msg="Parsing YAML configuration file /Users/rik/.cgse/local_settings.yaml."
level=DEBUG ts=2022-05-02T11:18:41,450353 process=confman_cs process_id=25057 caller=egse.settings:147 msg="Parsing YAML configuration file /Users/rik/git/plato-cgse-conf/data/CSL/conf/SETUP_CSL_00021_201009_122234.yaml."
level=DEBUG ts=2022-05-02T11:18:41,462782 process=confman_cs process_id=25057 caller=egse.settings:147 msg="Parsing YAML configuration file /Users/rik/.cgse/local_settings.yaml."
level=DEBUG ts=2022-05-02T11:18:41,469991 process=confman_cs process_id=25057 caller=egse.settings:147 msg="Parsing YAML configuration file /Users/rik/git/plato-cgse-conf/data/CSL/conf/SETUP_CSL_00081_210922_142259.yaml."
level=DEBUG ts=2022-05-02T11:18:41,549984 process=confman_cs process_id=25057 caller=egse.settings:147 msg="Parsing YAML configuration file /Users/rik/.cgse/local_settings.yaml."
level=DEBUG ts=2022-05-02T11:18:41,561988 process=confman_cs process_id=25057 caller=egse.settings:147 msg="Parsing YAML configuration file /Users/rik/git/plato-cgse-conf/data/CSL/conf/SETUP_CSL_00087_211012_102853.yaml."
level=DEBUG ts=2022-05-02T11:18:41,579466 process=MainProcess process_id=25064 caller=egse.dsi.esl:92 msg="Loading shared library: /Users/rik/git/plato-common-egse/build/lib/egse/lib/macOS/EtherSpaceLink_v34_86.dylib"
level=DEBUG ts=2022-05-02T11:18:41,586046 process=MainProcess process_id=25064 caller=egse.dsi.rmap:107 msg="Locating shared library ESL-RMAP_v34_86.dylib in dir 'lib/macOS'"
level=DEBUG ts=2022-05-02T11:18:41,661524 process=confman_cs process_id=25057 caller=egse.settings:147 msg="Parsing YAML configuration file /Users/rik/.cgse/local_settings.yaml."
level=DEBUG ts=2022-05-02T11:18:41,670040 process=confman_cs process_id=25057 caller=egse.settings:147 msg="Parsing YAML configuration file /Users/rik/git/plato-cgse-conf/data/CSL/conf/SETUP_CSL_00035_210608_064406.yaml."
level=DEBUG ts=2022-05-02T11:18:41,709907 process=confman_cs process_id=25057 caller=egse.settings:147 msg="Parsing YAML configuration file /Users/rik/.cgse/local_settings.yaml."
level=DEBUG ts=2022-05-02T11:18:41,717764 process=confman_cs process_id=25057 caller=egse.settings:147 msg="Parsing YAML configuration file /Users/rik/git/plato-cgse-conf/data/CSL/conf/SETUP_CSL_00082_210923_094458.yaml."
level=DEBUG ts=2022-05-02T11:18:41,786930 process=confman_cs process_id=25057 caller=egse.settings:147 msg="Parsing YAML configuration file /Users/rik/.cgse/local_settings.yaml."
level=DEBUG ts=2022-05-02T11:18:41,794322 process=confman_cs process_id=25057 caller=egse.settings:147 msg="Parsing YAML configuration file /Users/rik/git/plato-cgse-conf/data/CSL/conf/SETUP_CSL_00064_210901_145926.yaml."
level=DEBUG ts=2022-05-02T11:18:41,823906 process=MainProcess process_id=25064 caller=egse.dsi.rmap:111 msg="Loading shared library: /Users/rik/git/plato-common-egse/build/lib/egse/lib/macOS/ESL-RMAP_v34_86.dylib"
level=DEBUG ts=2022-05-02T11:18:41,830731 process=MainProcess process_id=25064 caller=egse.settings:147 msg="Parsing YAML configuration file /Users/rik/git/plato-common-egse/src/egse/storage/storage.yaml."
level=DEBUG ts=2022-05-02T11:18:41,840991 process=MainProcess process_id=25064 caller=egse.settings:147 msg="Parsing YAML configuration file /Users/rik/git/plato-common-egse/src/egse/confman/confman.yaml."
level=DEBUG ts=2022-05-02T11:18:41,853066 process=confman_cs process_id=25057 caller=egse.settings:147 msg="Parsing YAML configuration file /Users/rik/.cgse/local_settings.yaml."
level=DEBUG ts=2022-05-02T11:18:41,853224 process=MainProcess process_id=25064 caller=egse.settings:147 msg="Parsing YAML configuration file /Users/rik/git/plato-common-egse/src/egse/dpu/dpu.yaml."
level=DEBUG ts=2022-05-02T11:18:41,860472 process=confman_cs process_id=25057 caller=egse.settings:147 msg="Parsing YAML configuration file /Users/rik/git/plato-cgse-conf/data/CSL/conf/SETUP_CSL_00096_220114_090151.yaml."
level=DEBUG ts=2022-05-02T11:18:41,955000 process=confman_cs process_id=25057 caller=egse.settings:147 msg="Parsing YAML configuration file /Users/rik/.cgse/local_settings.yaml."
level=DEBUG ts=2022-05-02T11:18:41,962170 process=confman_cs process_id=25057 caller=egse.settings:147 msg="Parsing YAML configuration file /Users/rik/git/plato-cgse-conf/data/CSL/conf/SETUP_CSL_00031_210325_084258.yaml."
level=DEBUG ts=2022-05-02T11:18:41,974194 process=dpu_cs process_id=25064 caller=egse.settings:147 msg="Parsing YAML configuration file /Users/rik/git/plato-common-egse/src/egse/procman/procman.yaml."
level=DEBUG ts=2022-05-02T11:18:41,978448 process=MainProcess process_id=25082 caller=egse.resource:205 msg="Resources have been defined: DEFAULT_RESOURCES={'icons': '/icons', 'images': '/images', 'lib': '/lib', 'styles': '/styles', 'data': '/data', 'aeudata': '/aeu/arbdata'}"
level=DEBUG ts=2022-05-02T11:18:41,984772 process=procman_cs process_id=25064 caller=egse.settings:147 msg="Parsing YAML configuration file /Users/rik/git/plato-common-egse/src/egse/services.yaml."
level=DEBUG ts=2022-05-02T11:18:41,994469 process=procman_cs process_id=25064 caller=egse.protocol:532 msg="Creating ServiceCommand command with name='set_monitoring_frequency', cmd='{delay}', device_method=None"
level=DEBUG ts=2022-05-02T11:18:41,994802 process=procman_cs process_id=25064 caller=egse.protocol:532 msg="Creating ServiceCommand command with name='set_hk_frequency', cmd='{delay}', device_method=None"
level=DEBUG ts=2022-05-02T11:18:41,994870 process=procman_cs process_id=25064 caller=egse.protocol:532 msg="Creating ServiceCommand command with name='set_logging_level', cmd='{name} {level}', device_method=None"
level=DEBUG ts=2022-05-02T11:18:41,994927 process=procman_cs process_id=25064 caller=egse.protocol:532 msg="Creating ServiceCommand command with name='quit_server', cmd='', device_method=None"
level=DEBUG ts=2022-05-02T11:18:41,994988 process=procman_cs process_id=25064 caller=egse.protocol:532 msg="Creating ServiceCommand command with name='get_process_status', cmd='', device_method=None"
level=DEBUG ts=2022-05-02T11:18:41,995033 process=procman_cs process_id=25064 caller=egse.protocol:532 msg="Creating ServiceCommand command with name='get_cs_module', cmd='', device_method=None"
level=INFO ts=2022-05-02T11:18:41,995170 process=procman_cs process_id=25064 caller=egse.protocol:318 msg="Binding to tcp://*:6202"
level=INFO ts=2022-05-02T11:18:41,996767 process=procman_cs process_id=25064 caller=egse.protocol:318 msg="Binding to tcp://*:6201"
level=DEBUG ts=2022-05-02T11:18:41,997617 process=confman_cs process_id=25057 caller=egse.settings:147 msg="Parsing YAML configuration file /Users/rik/.cgse/local_settings.yaml."
level=DEBUG ts=2022-05-02T11:18:42,004223 process=confman_cs process_id=25057 caller=egse.settings:147 msg="Parsing YAML configuration file /Users/rik/git/plato-cgse-conf/data/CSL/conf/SETUP_CSL_00055_210805_135047.yaml."
level=DEBUG ts=2022-05-02T11:18:42,051488 process=confman_cs process_id=25057 caller=egse.settings:147 msg="Parsing YAML configuration file /Users/rik/.cgse/local_settings.yaml."
level=DEBUG ts=2022-05-02T11:18:42,059658 process=confman_cs process_id=25057 caller=egse.settings:147 msg="Parsing YAML configuration file /Users/rik/git/plato-cgse-conf/data/CSL/conf/SETUP_CSL_00049_210705_071924.yaml."
level=DEBUG ts=2022-05-02T11:18:42,101689 process=confman_cs process_id=25057 caller=egse.settings:147 msg="Parsing YAML configuration file /Users/rik/.cgse/local_settings.yaml."
level=DEBUG ts=2022-05-02T11:18:42,108391 process=confman_cs process_id=25057 caller=egse.settings:147 msg="Parsing YAML configuration file /Users/rik/git/plato-cgse-conf/data/CSL/conf/SETUP_CSL_00052_210729_124639.yaml."
level=DEBUG ts=2022-05-02T11:18:42,151034 process=confman_cs process_id=25057 caller=egse.settings:147 msg="Parsing YAML configuration file /Users/rik/.cgse/local_settings.yaml."
level=DEBUG ts=2022-05-02T11:18:42,158179 process=confman_cs process_id=25057 caller=egse.settings:147 msg="Parsing YAML configuration file /Users/rik/git/plato-cgse-conf/data/CSL/conf/SETUP_CSL_00009_200917_083806.yaml."
level=DEBUG ts=2022-05-02T11:18:42,161378 process=confman_cs process_id=25057 caller=egse.settings:147 msg="Parsing YAML configuration file /Users/rik/.cgse/local_settings.yaml."
level=DEBUG ts=2022-05-02T11:18:42,168577 process=confman_cs process_id=25057 caller=egse.settings:147 msg="Parsing YAML configuration file /Users/rik/git/plato-cgse-conf/data/CSL/conf/SETUP_CSL_00061_210817_123710.yaml."
level=DEBUG ts=2022-05-02T11:18:42,219433 process=confman_cs process_id=25057 caller=egse.settings:147 msg="Parsing YAML configuration file /Users/rik/.cgse/local_settings.yaml."
level=DEBUG ts=2022-05-02T11:18:42,226816 process=confman_cs process_id=25057 caller=egse.settings:147 msg="Parsing YAML configuration file /Users/rik/git/plato-cgse-conf/data/CSL/conf/SETUP_CSL_00008_170620_151080.yaml."
level=DEBUG ts=2022-05-02T11:18:42,235359 process=confman_cs process_id=25057 caller=egse.settings:147 msg="Parsing YAML configuration file /Users/rik/.cgse/local_settings.yaml."
level=DEBUG ts=2022-05-02T11:18:42,243852 process=confman_cs process_id=25057 caller=egse.settings:147 msg="Parsing YAML configuration file /Users/rik/git/plato-cgse-conf/data/CSL/conf/SETUP_CSL_00065_210901_185558.yaml."
level=DEBUG ts=2022-05-02T11:18:42,332660 process=confman_cs process_id=25057 caller=egse.settings:147 msg="Parsing YAML configuration file /Users/rik/.cgse/local_settings.yaml."
level=DEBUG ts=2022-05-02T11:18:42,339893 process=confman_cs process_id=25057 caller=egse.settings:147 msg="Parsing YAML configuration file /Users/rik/git/plato-cgse-conf/data/CSL/conf/SETUP_CSL_00077_210916_090245.yaml."
level=DEBUG ts=2022-05-02T11:18:42,402988 process=confman_cs process_id=25057 caller=egse.settings:147 msg="Parsing YAML configuration file /Users/rik/.cgse/local_settings.yaml."
level=DEBUG ts=2022-05-02T11:18:42,410042 process=confman_cs process_id=25057 caller=egse.settings:147 msg="Parsing YAML configuration file /Users/rik/git/plato-cgse-conf/data/CSL/conf/SETUP_CSL_00051_210729_092421.yaml."
level=DEBUG ts=2022-05-02T11:18:42,453000 process=confman_cs process_id=25057 caller=egse.settings:147 msg="Parsing YAML configuration file /Users/rik/.cgse/local_settings.yaml."
level=DEBUG ts=2022-05-02T11:18:42,460004 process=confman_cs process_id=25057 caller=egse.settings:147 msg="Parsing YAML configuration file /Users/rik/git/plato-cgse-conf/data/CSL/conf/SETUP_CSL_00084_210925_193952.yaml."
level=DEBUG ts=2022-05-02T11:18:42,466576 process=storage_cs process_id=25044 caller=egse.storage.persistence:1852 msg="Opening file /Users/rik/data/CSL/daily/20220502/20220502_CSL_CM.csv in mode 'a'"
level=INFO ts=2022-05-02T11:18:42,466755 process=storage_cs process_id=25044 caller=egse.storage:833 msg="Storage successfully registered CM"
level=DEBUG ts=2022-05-02T11:18:42,527343 process=confman_cs process_id=25057 caller=egse.settings:147 msg="Parsing YAML configuration file /Users/rik/.cgse/local_settings.yaml."
level=DEBUG ts=2022-05-02T11:18:42,529067 process=procman_cs process_id=25064 caller=egse.protocol:532 msg="Creating ProcessManagerCommand command with name='get_cm_proxy', cmd='', device_method=<function ProcessManagerController.get_cm_proxy at 0x7f9b31232dc0>"
level=DEBUG ts=2022-05-02T11:18:42,529344 process=procman_cs process_id=25064 caller=egse.protocol:532 msg="Creating ProcessManagerCommand command with name='get_devices', cmd='', device_method=<function ProcessManagerController.get_devices at 0x7f9b31232e50>"
level=DEBUG ts=2022-05-02T11:18:42,529468 process=procman_cs process_id=25064 caller=egse.protocol:532 msg="Creating ProcessManagerCommand command with name='get_core', cmd='', device_method=<function ProcessManagerController.get_core at 0x7f9b31232ee0>"
level=DEBUG ts=2022-05-02T11:18:42,529563 process=procman_cs process_id=25064 caller=egse.protocol:532 msg="Creating ProcessManagerCommand command with name='start_egse', cmd='', device_method=<function ProcessManagerController.start_egse at 0x7f9b31232f70>"
level=DEBUG ts=2022-05-02T11:18:42,529616 process=procman_cs process_id=25064 caller=egse.protocol:532 msg="Creating ProcessManagerCommand command with name='start_cs', cmd='{process_name} {sim_mode}', device_method=<function ProcessManagerController.start_cs at 0x7f9b31244040>"
level=DEBUG ts=2022-05-02T11:18:42,529745 process=procman_cs process_id=25064 caller=egse.protocol:532 msg="Creating ProcessManagerCommand command with name='shut_down_egse', cmd='', device_method=<function ProcessManagerController.shut_down_egse at 0x7f9b312440d0>"
level=DEBUG ts=2022-05-02T11:18:42,529843 process=procman_cs process_id=25064 caller=egse.protocol:532 msg="Creating ProcessManagerCommand command with name='shut_down_cs', cmd='{process_name}', device_method=<function ProcessManagerController.shut_down_cs at 0x7f9b31244160>"
level=DEBUG ts=2022-05-02T11:18:42,529929 process=procman_cs process_id=25064 caller=egse.protocol:532 msg="Creating ProcessManagerCommand command with name='start_fitsgen', cmd='', device_method=<function ProcessManagerController.start_fitsgen at 0x7f9b312441f0>"
level=DEBUG ts=2022-05-02T11:18:42,530020 process=procman_cs process_id=25064 caller=egse.protocol:532 msg="Creating ProcessManagerCommand command with name='stop_fitsgen', cmd='', device_method=<function ProcessManagerController.stop_fitsgen at 0x7f9b31244280>"
level=DEBUG ts=2022-05-02T11:18:42,530075 process=procman_cs process_id=25064 caller=egse.protocol:532 msg="Creating ProcessManagerCommand command with name='start_fov_hk', cmd='', device_method=<function ProcessManagerController.start_fov_hk at 0x7f9b31244310>"
level=DEBUG ts=2022-05-02T11:18:42,530126 process=procman_cs process_id=25064 caller=egse.protocol:532 msg="Creating ProcessManagerCommand command with name='stop_fov_hk', cmd='', device_method=<function ProcessManagerController.stop_fov_hk at 0x7f9b312443a0>"
level=DEBUG ts=2022-05-02T11:18:42,530216 process=procman_cs process_id=25064 caller=egse.protocol:532 msg="Creating ProcessManagerCommand command with name='start_n_fee_hk', cmd='', device_method=<function ProcessManagerController.start_n_fee_hk at 0x7f9b31244430>"
level=DEBUG ts=2022-05-02T11:18:42,530316 process=procman_cs process_id=25064 caller=egse.protocol:532 msg="Creating ProcessManagerCommand command with name='stop_n_fee_hk', cmd='', device_method=<function ProcessManagerController.stop_n_fee_hk at 0x7f9b312444c0>"
level=DEBUG ts=2022-05-02T11:18:42,530436 process=procman_cs process_id=25064 caller=egse.procman.procman_cs:56 msg="Binding ZeroMQ socket to tcp://*:6200"
level=INFO ts=2022-05-02T11:18:42,530515 process=procman_cs process_id=25064 caller=egse.protocol:318 msg="Binding to tcp://*:6200"
level=DEBUG ts=2022-05-02T11:18:42,535908 process=confman_cs process_id=25057 caller=egse.settings:147 msg="Parsing YAML configuration file /Users/rik/git/plato-cgse-conf/data/CSL/conf/SETUP_CSL_00012_200929_140221.yaml."
level=DEBUG ts=2022-05-02T11:18:42,540255 process=confman_cs process_id=25057 caller=egse.settings:147 msg="Parsing YAML configuration file /Users/rik/.cgse/local_settings.yaml."
level=DEBUG ts=2022-05-02T11:18:42,546510 process=confman_cs process_id=25057 caller=egse.settings:147 msg="Parsing YAML configuration file /Users/rik/git/plato-cgse-conf/data/CSL/conf/SETUP_CSL_00090_211021_104056.yaml."
level=DEBUG ts=2022-05-02T11:18:42,572085 process=storage_cs process_id=25044 caller=egse.storage.persistence:1852 msg="Opening file /Users/rik/data/CSL/daily/20220502/20220502_CSL_PM.csv in mode 'a'"
level=INFO ts=2022-05-02T11:18:42,572233 process=storage_cs process_id=25044 caller=egse.storage:833 msg="Storage successfully registered PM"
level=DEBUG ts=2022-05-02T11:18:42,628859 process=confman_cs process_id=25057 caller=egse.settings:147 msg="Parsing YAML configuration file /Users/rik/.cgse/local_settings.yaml."
level=DEBUG ts=2022-05-02T11:18:42,635779 process=confman_cs process_id=25057 caller=egse.settings:147 msg="Parsing YAML configuration file /Users/rik/git/plato-cgse-conf/data/CSL/conf/SETUP_CSL_00041_210610_085309.yaml."
level=DEBUG ts=2022-05-02T11:18:42,675367 process=confman_cs process_id=25057 caller=egse.settings:147 msg="Parsing YAML configuration file /Users/rik/.cgse/local_settings.yaml."
level=DEBUG ts=2022-05-02T11:18:42,681804 process=confman_cs process_id=25057 caller=egse.settings:147 msg="Parsing YAML configuration file /Users/rik/git/plato-cgse-conf/data/CSL/conf/SETUP_CSL_00014_200929_150911.yaml."
level=DEBUG ts=2022-05-02T11:18:42,686296 process=confman_cs process_id=25057 caller=egse.settings:147 msg="Parsing YAML configuration file /Users/rik/.cgse/local_settings.yaml."
level=DEBUG ts=2022-05-02T11:18:42,692573 process=confman_cs process_id=25057 caller=egse.settings:147 msg="Parsing YAML configuration file /Users/rik/git/plato-cgse-conf/data/CSL/conf/SETUP_CSL_00063_210825_132550.yaml."
level=DEBUG ts=2022-05-02T11:18:42,750965 process=confman_cs process_id=25057 caller=egse.settings:147 msg="Parsing YAML configuration file /Users/rik/.cgse/local_settings.yaml."
level=DEBUG ts=2022-05-02T11:18:42,757934 process=confman_cs process_id=25057 caller=egse.settings:147 msg="Parsing YAML configuration file /Users/rik/git/plato-cgse-conf/data/CSL/conf/SETUP_CSL_00072_210909_100248.yaml."
level=DEBUG ts=2022-05-02T11:18:42,820165 process=confman_cs process_id=25057 caller=egse.settings:147 msg="Parsing YAML configuration file /Users/rik/.cgse/local_settings.yaml."
level=DEBUG ts=2022-05-02T11:18:42,826706 process=confman_cs process_id=25057 caller=egse.settings:147 msg="Parsing YAML configuration file /Users/rik/git/plato-cgse-conf/data/CSL/conf/SETUP_CSL_00079_210917_100241.yaml."
level=DEBUG ts=2022-05-02T11:18:42,887522 process=confman_cs process_id=25057 caller=egse.settings:147 msg="Parsing YAML configuration file /Users/rik/.cgse/local_settings.yaml."
level=DEBUG ts=2022-05-02T11:18:42,890331 process=MainProcess process_id=25082 caller=egse.dsi.esl:88 msg="Locating shared library EtherSpaceLink_v34_86.dylib in dir 'lib/macOS'"
level=DEBUG ts=2022-05-02T11:18:42,894233 process=confman_cs process_id=25057 caller=egse.settings:147 msg="Parsing YAML configuration file /Users/rik/git/plato-cgse-conf/data/CSL/conf/SETUP_CSL_00094_211103_104402.yaml."
level=DEBUG ts=2022-05-02T11:18:42,901534 process=MainProcess process_id=25082 caller=egse.config:245 msg="Common-EGSE location is automatically determined: /Users/rik/git/plato-common-egse."
level=DEBUG ts=2022-05-02T11:18:42,980542 process=confman_cs process_id=25057 caller=egse.settings:147 msg="Parsing YAML configuration file /Users/rik/.cgse/local_settings.yaml."
level=DEBUG ts=2022-05-02T11:18:42,987391 process=confman_cs process_id=25057 caller=egse.settings:147 msg="Parsing YAML configuration file /Users/rik/git/plato-cgse-conf/data/CSL/conf/SETUP_CSL_00089_211020_134011.yaml."
level=DEBUG ts=2022-05-02T11:18:43,066370 process=confman_cs process_id=25057 caller=egse.settings:147 msg="Parsing YAML configuration file /Users/rik/.cgse/local_settings.yaml."
level=DEBUG ts=2022-05-02T11:18:43,073681 process=confman_cs process_id=25057 caller=egse.settings:147 msg="Parsing YAML configuration file /Users/rik/git/plato-cgse-conf/data/CSL/conf/SETUP_CSL_00074_210910_083400.yaml."
level=DEBUG ts=2022-05-02T11:18:43,115007 process=MainProcess process_id=25082 caller=egse.dsi.esl:92 msg="Loading shared library: /Users/rik/git/plato-common-egse/build/lib/egse/lib/macOS/EtherSpaceLink_v34_86.dylib"
level=DEBUG ts=2022-05-02T11:18:43,120639 process=MainProcess process_id=25082 caller=egse.dsi.rmap:107 msg="Locating shared library ESL-RMAP_v34_86.dylib in dir 'lib/macOS'"
level=DEBUG ts=2022-05-02T11:18:43,136772 process=confman_cs process_id=25057 caller=egse.settings:147 msg="Parsing YAML configuration file /Users/rik/.cgse/local_settings.yaml."
level=DEBUG ts=2022-05-02T11:18:43,143972 process=confman_cs process_id=25057 caller=egse.settings:147 msg="Parsing YAML configuration file /Users/rik/git/plato-cgse-conf/data/CSL/conf/SETUP_CSL_00011_200929_135616.yaml."
level=DEBUG ts=2022-05-02T11:18:43,147203 process=confman_cs process_id=25057 caller=egse.settings:147 msg="Parsing YAML configuration file /Users/rik/.cgse/local_settings.yaml."
level=DEBUG ts=2022-05-02T11:18:43,153271 process=confman_cs process_id=25057 caller=egse.settings:147 msg="Parsing YAML configuration file /Users/rik/git/plato-cgse-conf/data/CSL/conf/SETUP_CSL_00043_210610_100757.yaml."
level=DEBUG ts=2022-05-02T11:18:43,192460 process=confman_cs process_id=25057 caller=egse.settings:147 msg="Parsing YAML configuration file /Users/rik/.cgse/local_settings.yaml."
level=DEBUG ts=2022-05-02T11:18:43,199004 process=confman_cs process_id=25057 caller=egse.settings:147 msg="Parsing YAML configuration file /Users/rik/git/plato-cgse-conf/data/CSL/conf/SETUP_CSL_00010_200929_135120.yaml."
level=DEBUG ts=2022-05-02T11:18:43,201919 process=confman_cs process_id=25057 caller=egse.settings:147 msg="Parsing YAML configuration file /Users/rik/.cgse/local_settings.yaml."
level=DEBUG ts=2022-05-02T11:18:43,207841 process=confman_cs process_id=25057 caller=egse.settings:147 msg="Parsing YAML configuration file /Users/rik/git/plato-cgse-conf/data/CSL/conf/SETUP_CSL_00092_211025_144142.yaml."
level=DEBUG ts=2022-05-02T11:18:43,294624 process=confman_cs process_id=25057 caller=egse.settings:147 msg="Parsing YAML configuration file /Users/rik/.cgse/local_settings.yaml."
level=DEBUG ts=2022-05-02T11:18:43,301933 process=confman_cs process_id=25057 caller=egse.settings:147 msg="Parsing YAML configuration file /Users/rik/git/plato-cgse-conf/data/CSL/conf/SETUP_CSL_00083_210923_094458.yaml."
level=DEBUG ts=2022-05-02T11:18:43,326329 process=MainProcess process_id=25082 caller=egse.dsi.rmap:111 msg="Loading shared library: /Users/rik/git/plato-common-egse/build/lib/egse/lib/macOS/ESL-RMAP_v34_86.dylib"
level=DEBUG ts=2022-05-02T11:18:43,346071 process=MainProcess process_id=25082 caller=egse.settings:147 msg="Parsing YAML configuration file /Users/rik/git/plato-common-egse/src/egse/storage/storage.yaml."
level=DEBUG ts=2022-05-02T11:18:43,354221 process=MainProcess process_id=25082 caller=egse.settings:147 msg="Parsing YAML configuration file /Users/rik/git/plato-common-egse/src/egse/synoptics/syn.yaml."
level=DEBUG ts=2022-05-02T11:18:43,365392 process=confman_cs process_id=25057 caller=egse.settings:147 msg="Parsing YAML configuration file /Users/rik/.cgse/local_settings.yaml."
level=DEBUG ts=2022-05-02T11:18:43,372009 process=syn_cs process_id=25082 caller=egse.settings:147 msg="Parsing YAML configuration file /Users/rik/git/plato-common-egse/src/egse/services.yaml."
level=DEBUG ts=2022-05-02T11:18:43,372086 process=confman_cs process_id=25057 caller=egse.settings:147 msg="Parsing YAML configuration file /Users/rik/git/plato-cgse-conf/data/CSL/conf/SETUP_CSL_00054_210802_134730.yaml."
level=DEBUG ts=2022-05-02T11:18:43,380440 process=syn_cs process_id=25082 caller=egse.protocol:532 msg="Creating ServiceCommand command with name='set_monitoring_frequency', cmd='{delay}', device_method=None"
level=DEBUG ts=2022-05-02T11:18:43,380761 process=syn_cs process_id=25082 caller=egse.protocol:532 msg="Creating ServiceCommand command with name='set_hk_frequency', cmd='{delay}', device_method=None"
level=DEBUG ts=2022-05-02T11:18:43,380828 process=syn_cs process_id=25082 caller=egse.protocol:532 msg="Creating ServiceCommand command with name='set_logging_level', cmd='{name} {level}', device_method=None"
level=DEBUG ts=2022-05-02T11:18:43,380878 process=syn_cs process_id=25082 caller=egse.protocol:532 msg="Creating ServiceCommand command with name='quit_server', cmd='', device_method=None"
level=DEBUG ts=2022-05-02T11:18:43,380925 process=syn_cs process_id=25082 caller=egse.protocol:532 msg="Creating ServiceCommand command with name='get_process_status', cmd='', device_method=None"
level=DEBUG ts=2022-05-02T11:18:43,380965 process=syn_cs process_id=25082 caller=egse.protocol:532 msg="Creating ServiceCommand command with name='get_cs_module', cmd='', device_method=None"
level=INFO ts=2022-05-02T11:18:43,381090 process=syn_cs process_id=25082 caller=egse.protocol:318 msg="Binding to tcp://*:6206"
level=INFO ts=2022-05-02T11:18:43,382640 process=syn_cs process_id=25082 caller=egse.protocol:318 msg="Binding to tcp://*:6205"
level=ERROR ts=2022-05-12T16:50:52,683203 process=MainProcess process_id=44977 caller=egse.export_register_map:180 msg="[Errno 45] Unable to open file (unable to lock file, errno = 45, error message = 'Operation not supported')"
Traceback (most recent call last):
  File "create_hdf5_report.py", line 174, in cli
    row = extract_register_values(Path(filename))
  File "create_hdf5_report.py", line 62, in extract_register_values
    with h5.get_file(filename, mode='r') as hdf5_file:
  File "/Users/rik/git/plato-common-egse/src/egse/h5.py", line 137, in get_file
    return h5py.File(filename, mode)
  File "/Users/rik/git/plato-common-egse/venv38/lib/python3.8/site-packages/h5py/_hl/files.py", line 507, in __init__
    fid = make_fid(name, mode, userblock_size, fapl, fcpl, swmr=swmr)
  File "/Users/rik/git/plato-common-egse/venv38/lib/python3.8/site-packages/h5py/_hl/files.py", line 220, in make_fid
    fid = h5f.open(name, flags, fapl=fapl)
  File "h5py/_objects.pyx", line 54, in h5py._objects.with_phil.wrapper
  File "h5py/_objects.pyx", line 55, in h5py._objects.with_phil.wrapper
  File "h5py/h5f.pyx", line 106, in h5py.h5f.open
OSError: [Errno 45] Unable to open file (unable to lock file, errno = 45, error message = 'Operation not supported')

level=ERROR ts=2022-05-12T16:50:52,688099 process=MainProcess process_id=44977 caller=egse.export_register_map:180 msg="[Errno 45] Unable to open file (unable to lock file, errno = 45, error message = 'Operation not supported')"
Traceback (most recent call last):
  File "create_hdf5_report.py", line 174, in cli
    row = extract_register_values(Path(filename))
  File "create_hdf5_report.py", line 62, in extract_register_values
    with h5.get_file(filename, mode='r') as hdf5_file:
  File "/Users/rik/git/plato-common-egse/src/egse/h5.py", line 137, in get_file
    return h5py.File(filename, mode)
  File "/Users/rik/git/plato-common-egse/venv38/lib/python3.8/site-packages/h5py/_hl/files.py", line 507, in __init__
    fid = make_fid(name, mode, userblock_size, fapl, fcpl, swmr=swmr)
  File "/Users/rik/git/plato-common-egse/venv38/lib/python3.8/site-packages/h5py/_hl/files.py", line 220, in make_fid
    fid = h5f.open(name, flags, fapl=fapl)
  File "h5py/_objects.pyx", line 54, in h5py._objects.with_phil.wrapper
  File "h5py/_objects.pyx", line 55, in h5py._objects.with_phil.wrapper
  File "h5py/h5f.pyx", line 106, in h5py.h5f.open
OSError: [Errno 45] Unable to open file (unable to lock file, errno = 45, error message = 'Operation not supported')

level=DEBUG ts=2022-05-02T11:18:43,393227 process=storage_cs process_id=25044 caller=egse.storage.persistence:1852 msg="Opening file /Users/rik/data/CSL/daily/20220502/20220502_CSL_SYN-HK.csv in mode 'a'"
level=INFO ts=2022-05-02T11:18:43,393386 process=storage_cs process_id=25044 caller=egse.storage:833 msg="Storage successfully registered SYN-HK"
level=INFO ts=2022-05-02T11:18:43,393923 process=syn_cs process_id=25082 caller=egse.storage:177 msg="Storage successfully registered SYN-HK"
level=DEBUG ts=2022-05-02T11:18:43,399791 process=syn_cs process_id=25082 caller=egse.protocol:532 msg="Creating SynopticsManagerCommand command with name='store_common_synoptics', cmd='{common_hk}', device_method=<function SynopticsManagerController.store_common_synoptics at 0x7fda108d2430>"
level=DEBUG ts=2022-05-02T11:18:43,399927 process=syn_cs process_id=25082 caller=egse.protocol:532 msg="Creating SynopticsManagerCommand command with name='store_th_synoptics', cmd='{th_hk}', device_method=<function SynopticsManagerController.store_th_synoptics at 0x7fda108d24c0>"
level=DEBUG ts=2022-05-02T11:18:43,400006 process=syn_cs process_id=25082 caller=egse.synoptics.syn_cs:50 msg="Binding ZeroMQ socket to tcp://*:6204"
level=INFO ts=2022-05-02T11:18:43,400050 process=syn_cs process_id=25082 caller=egse.protocol:318 msg="Binding to tcp://*:6204"
level=DEBUG ts=2022-05-02T11:18:43,418715 process=confman_cs process_id=25057 caller=egse.settings:147 msg="Parsing YAML configuration file /Users/rik/.cgse/local_settings.yaml."
level=DEBUG ts=2022-05-02T11:18:43,425603 process=confman_cs process_id=25057 caller=egse.settings:147 msg="Parsing YAML configuration file /Users/rik/git/plato-cgse-conf/data/CSL/conf/SETUP_CSL_00048_210630_141747.yaml."
level=DEBUG ts=2022-05-02T11:18:43,439043 process=storage_cs process_id=25044 caller=egse.storage.persistence:1852 msg="Opening file /Users/rik/data/CSL/daily/20220502/20220502_CSL_SYN.csv in mode 'a'"
level=INFO ts=2022-05-02T11:18:43,439201 process=storage_cs process_id=25044 caller=egse.storage:833 msg="Storage successfully registered SYN"
level=DEBUG ts=2022-05-02T11:18:45,054679 process=confman_cs process_id=25057 caller=egse.settings:147 msg="Parsing YAML configuration file /Users/rik/.cgse/local_settings.yaml."
level=INFO ts=2022-05-02T11:18:45,061461 process=confman_cs process_id=25057 caller=egse.confman:203 msg="SetupInfo cache populated."
level=DEBUG ts=2022-05-02T11:20:09,223713 process=MainProcess process_id=25215 caller=egse.resource:205 msg="Resources have been defined: DEFAULT_RESOURCES={'icons': '/icons', 'images': '/images', 'lib': '/lib', 'styles': '/styles', 'data': '/data', 'aeudata': '/aeu/arbdata'}"
level=DEBUG ts=2022-05-02T11:20:10,113269 process=MainProcess process_id=25215 caller=egse.dsi.esl:88 msg="Locating shared library EtherSpaceLink_v34_86.dylib in dir 'lib/macOS'"
level=DEBUG ts=2022-05-02T11:20:10,124303 process=MainProcess process_id=25215 caller=egse.config:245 msg="Common-EGSE location is automatically determined: /Users/rik/git/plato-common-egse."
level=DEBUG ts=2022-05-02T11:20:10,330212 process=MainProcess process_id=25215 caller=egse.dsi.esl:92 msg="Loading shared library: /Users/rik/git/plato-common-egse/build/lib/egse/lib/macOS/EtherSpaceLink_v34_86.dylib"
level=DEBUG ts=2022-05-02T11:20:10,335579 process=MainProcess process_id=25215 caller=egse.dsi.rmap:107 msg="Locating shared library ESL-RMAP_v34_86.dylib in dir 'lib/macOS'"
level=DEBUG ts=2022-05-02T11:20:10,532927 process=MainProcess process_id=25215 caller=egse.dsi.rmap:111 msg="Loading shared library: /Users/rik/git/plato-common-egse/build/lib/egse/lib/macOS/ESL-RMAP_v34_86.dylib"
level=DEBUG ts=2022-05-02T11:20:10,539587 process=MainProcess process_id=25215 caller=egse.settings:147 msg="Parsing YAML configuration file /Users/rik/git/plato-common-egse/src/egse/storage/storage.yaml."
level=DEBUG ts=2022-05-02T11:20:10,549858 process=MainProcess process_id=25215 caller=egse.settings:147 msg="Parsing YAML configuration file /Users/rik/git/plato-common-egse/src/egse/confman/confman.yaml."
level=DEBUG ts=2022-05-02T11:20:37,896738 process=MainProcess process_id=25261 caller=egse.resource:205 msg="Resources have been defined: DEFAULT_RESOURCES={'icons': '/icons', 'images': '/images', 'lib': '/lib', 'styles': '/styles', 'data': '/data', 'aeudata': '/aeu/arbdata'}"
level=DEBUG ts=2022-05-02T11:20:38,824870 process=MainProcess process_id=25261 caller=egse.dsi.esl:88 msg="Locating shared library EtherSpaceLink_v34_86.dylib in dir 'lib/macOS'"
level=DEBUG ts=2022-05-02T11:20:38,835749 process=MainProcess process_id=25261 caller=egse.config:245 msg="Common-EGSE location is automatically determined: /Users/rik/git/plato-common-egse."
level=DEBUG ts=2022-05-02T11:20:39,052927 process=MainProcess process_id=25261 caller=egse.dsi.esl:92 msg="Loading shared library: /Users/rik/git/plato-common-egse/build/lib/egse/lib/macOS/EtherSpaceLink_v34_86.dylib"
level=DEBUG ts=2022-05-02T11:20:39,058312 process=MainProcess process_id=25261 caller=egse.dsi.rmap:107 msg="Locating shared library ESL-RMAP_v34_86.dylib in dir 'lib/macOS'"
level=DEBUG ts=2022-05-02T11:20:39,263443 process=MainProcess process_id=25261 caller=egse.dsi.rmap:111 msg="Loading shared library: /Users/rik/git/plato-common-egse/build/lib/egse/lib/macOS/ESL-RMAP_v34_86.dylib"
level=DEBUG ts=2022-05-02T11:20:39,269893 process=MainProcess process_id=25261 caller=egse.settings:147 msg="Parsing YAML configuration file /Users/rik/git/plato-common-egse/src/egse/storage/storage.yaml."
level=DEBUG ts=2022-05-02T11:20:39,279393 process=MainProcess process_id=25261 caller=egse.settings:147 msg="Parsing YAML configuration file /Users/rik/git/plato-common-egse/src/egse/confman/confman.yaml."
level=DEBUG ts=2022-05-02T11:21:31,817863 process=MainProcess process_id=25349 caller=egse.resource:205 msg="Resources have been defined: DEFAULT_RESOURCES={'icons': '/icons', 'images': '/images', 'lib': '/lib', 'styles': '/styles', 'data': '/data', 'aeudata': '/aeu/arbdata'}"
level=DEBUG ts=2022-05-02T11:21:32,719475 process=MainProcess process_id=25349 caller=egse.dsi.esl:88 msg="Locating shared library EtherSpaceLink_v34_86.dylib in dir 'lib/macOS'"
level=DEBUG ts=2022-05-02T11:21:32,730718 process=MainProcess process_id=25349 caller=egse.config:245 msg="Common-EGSE location is automatically determined: /Users/rik/git/plato-common-egse."
level=DEBUG ts=2022-05-02T11:21:32,938959 process=MainProcess process_id=25349 caller=egse.dsi.esl:92 msg="Loading shared library: /Users/rik/git/plato-common-egse/build/lib/egse/lib/macOS/EtherSpaceLink_v34_86.dylib"
level=DEBUG ts=2022-05-02T11:21:32,944485 process=MainProcess process_id=25349 caller=egse.dsi.rmap:107 msg="Locating shared library ESL-RMAP_v34_86.dylib in dir 'lib/macOS'"
level=DEBUG ts=2022-05-02T11:21:33,145412 process=MainProcess process_id=25349 caller=egse.dsi.rmap:111 msg="Loading shared library: /Users/rik/git/plato-common-egse/build/lib/egse/lib/macOS/ESL-RMAP_v34_86.dylib"
level=DEBUG ts=2022-05-02T11:21:33,151842 process=MainProcess process_id=25349 caller=egse.settings:147 msg="Parsing YAML configuration file /Users/rik/git/plato-common-egse/src/egse/storage/storage.yaml."
level=DEBUG ts=2022-05-02T11:21:33,161542 process=MainProcess process_id=25349 caller=egse.settings:147 msg="Parsing YAML configuration file /Users/rik/git/plato-common-egse/src/egse/confman/confman.yaml."
level=DEBUG ts=2022-05-02T11:21:44,165822 process=MainProcess process_id=25385 caller=egse.resource:205 msg="Resources have been defined: DEFAULT_RESOURCES={'icons': '/icons', 'images': '/images', 'lib': '/lib', 'styles': '/styles', 'data': '/data', 'aeudata': '/aeu/arbdata'}"
level=DEBUG ts=2022-05-02T11:21:45,090342 process=MainProcess process_id=25385 caller=egse.dsi.esl:88 msg="Locating shared library EtherSpaceLink_v34_86.dylib in dir 'lib/macOS'"
level=DEBUG ts=2022-05-02T11:21:45,102065 process=MainProcess process_id=25385 caller=egse.config:245 msg="Common-EGSE location is automatically determined: /Users/rik/git/plato-common-egse."
level=DEBUG ts=2022-05-02T11:21:45,311119 process=MainProcess process_id=25385 caller=egse.dsi.esl:92 msg="Loading shared library: /Users/rik/git/plato-common-egse/build/lib/egse/lib/macOS/EtherSpaceLink_v34_86.dylib"
level=DEBUG ts=2022-05-02T11:21:45,316589 process=MainProcess process_id=25385 caller=egse.dsi.rmap:107 msg="Locating shared library ESL-RMAP_v34_86.dylib in dir 'lib/macOS'"
level=DEBUG ts=2022-05-02T11:21:45,519640 process=MainProcess process_id=25385 caller=egse.dsi.rmap:111 msg="Loading shared library: /Users/rik/git/plato-common-egse/build/lib/egse/lib/macOS/ESL-RMAP_v34_86.dylib"
level=DEBUG ts=2022-05-02T11:21:45,526550 process=MainProcess process_id=25385 caller=egse.settings:147 msg="Parsing YAML configuration file /Users/rik/git/plato-common-egse/src/egse/storage/storage.yaml."
level=DEBUG ts=2022-05-02T11:21:45,536400 process=MainProcess process_id=25385 caller=egse.settings:147 msg="Parsing YAML configuration file /Users/rik/git/plato-common-egse/src/egse/confman/confman.yaml."
level=INFO ts=2022-05-02T11:21:45,558418 process=confman_cs process_id=25057 caller=egse.confman:597 msg="New Setup loaded from /Users/rik/git/plato-cgse-conf/data/CSL/conf/SETUP_CSL_00096_220114_090151.yaml"
level=DEBUG ts=2022-05-02T11:21:57,165239 process=MainProcess process_id=25414 caller=egse.resource:205 msg="Resources have been defined: DEFAULT_RESOURCES={'icons': '/icons', 'images': '/images', 'lib': '/lib', 'styles': '/styles', 'data': '/data', 'aeudata': '/aeu/arbdata'}"
level=DEBUG ts=2022-05-02T11:21:58,077293 process=MainProcess process_id=25414 caller=egse.dsi.esl:88 msg="Locating shared library EtherSpaceLink_v34_86.dylib in dir 'lib/macOS'"
level=DEBUG ts=2022-05-02T11:21:58,089890 process=MainProcess process_id=25414 caller=egse.config:245 msg="Common-EGSE location is automatically determined: /Users/rik/git/plato-common-egse."
level=DEBUG ts=2022-05-02T11:21:58,296766 process=MainProcess process_id=25414 caller=egse.dsi.esl:92 msg="Loading shared library: /Users/rik/git/plato-common-egse/build/lib/egse/lib/macOS/EtherSpaceLink_v34_86.dylib"
level=DEBUG ts=2022-05-02T11:21:58,302228 process=MainProcess process_id=25414 caller=egse.dsi.rmap:107 msg="Locating shared library ESL-RMAP_v34_86.dylib in dir 'lib/macOS'"
level=DEBUG ts=2022-05-02T11:21:58,496283 process=MainProcess process_id=25414 caller=egse.dsi.rmap:111 msg="Loading shared library: /Users/rik/git/plato-common-egse/build/lib/egse/lib/macOS/ESL-RMAP_v34_86.dylib"
level=DEBUG ts=2022-05-02T11:21:58,502661 process=MainProcess process_id=25414 caller=egse.settings:147 msg="Parsing YAML configuration file /Users/rik/git/plato-common-egse/src/egse/storage/storage.yaml."
level=DEBUG ts=2022-05-02T11:21:58,512081 process=MainProcess process_id=25414 caller=egse.settings:147 msg="Parsing YAML configuration file /Users/rik/git/plato-common-egse/src/egse/confman/confman.yaml."
level=DEBUG ts=2022-05-02T11:22:45,588637 process=MainProcess process_id=25494 caller=egse.resource:205 msg="Resources have been defined: DEFAULT_RESOURCES={'icons': '/icons', 'images': '/images', 'lib': '/lib', 'styles': '/styles', 'data': '/data', 'aeudata': '/aeu/arbdata'}"
level=DEBUG ts=2022-05-02T11:22:46,078007 process=MainProcess process_id=25494 caller=egse.dsi.esl:88 msg="Locating shared library EtherSpaceLink_v34_86.dylib in dir 'lib/macOS'"
level=DEBUG ts=2022-05-02T11:22:46,088396 process=MainProcess process_id=25494 caller=egse.config:245 msg="Common-EGSE location is automatically determined: /Users/rik/git/plato-common-egse."
level=DEBUG ts=2022-05-02T11:22:46,297088 process=MainProcess process_id=25494 caller=egse.dsi.esl:92 msg="Loading shared library: /Users/rik/git/plato-common-egse/build/lib/egse/lib/macOS/EtherSpaceLink_v34_86.dylib"
level=DEBUG ts=2022-05-02T11:22:46,302634 process=MainProcess process_id=25494 caller=egse.dsi.rmap:107 msg="Locating shared library ESL-RMAP_v34_86.dylib in dir 'lib/macOS'"
level=DEBUG ts=2022-05-02T11:22:46,503805 process=MainProcess process_id=25494 caller=egse.dsi.rmap:111 msg="Loading shared library: /Users/rik/git/plato-common-egse/build/lib/egse/lib/macOS/ESL-RMAP_v34_86.dylib"
level=DEBUG ts=2022-05-02T11:22:46,510259 process=MainProcess process_id=25494 caller=egse.settings:147 msg="Parsing YAML configuration file /Users/rik/git/plato-common-egse/src/egse/storage/storage.yaml."
level=DEBUG ts=2022-05-02T11:22:46,519900 process=MainProcess process_id=25494 caller=egse.settings:147 msg="Parsing YAML configuration file /Users/rik/git/plato-common-egse/src/egse/confman/confman.yaml."
level=DEBUG ts=2022-05-02T11:23:05,935365 process=MainProcess process_id=25528 caller=egse.resource:205 msg="Resources have been defined: DEFAULT_RESOURCES={'icons': '/icons', 'images': '/images', 'lib': '/lib', 'styles': '/styles', 'data': '/data', 'aeudata': '/aeu/arbdata'}"
level=DEBUG ts=2022-05-02T11:23:06,422069 process=MainProcess process_id=25528 caller=egse.dsi.esl:88 msg="Locating shared library EtherSpaceLink_v34_86.dylib in dir 'lib/macOS'"
level=DEBUG ts=2022-05-02T11:23:06,432696 process=MainProcess process_id=25528 caller=egse.config:245 msg="Common-EGSE location is automatically determined: /Users/rik/git/plato-common-egse."
level=DEBUG ts=2022-05-02T11:23:06,639052 process=MainProcess process_id=25528 caller=egse.dsi.esl:92 msg="Loading shared library: /Users/rik/git/plato-common-egse/build/lib/egse/lib/macOS/EtherSpaceLink_v34_86.dylib"
level=DEBUG ts=2022-05-02T11:23:06,644599 process=MainProcess process_id=25528 caller=egse.dsi.rmap:107 msg="Locating shared library ESL-RMAP_v34_86.dylib in dir 'lib/macOS'"
level=DEBUG ts=2022-05-02T11:23:06,845539 process=MainProcess process_id=25528 caller=egse.dsi.rmap:111 msg="Loading shared library: /Users/rik/git/plato-common-egse/build/lib/egse/lib/macOS/ESL-RMAP_v34_86.dylib"
level=DEBUG ts=2022-05-02T11:23:06,851853 process=MainProcess process_id=25528 caller=egse.settings:147 msg="Parsing YAML configuration file /Users/rik/git/plato-common-egse/src/egse/storage/storage.yaml."
level=DEBUG ts=2022-05-02T11:23:06,861203 process=MainProcess process_id=25528 caller=egse.settings:147 msg="Parsing YAML configuration file /Users/rik/git/plato-common-egse/src/egse/confman/confman.yaml."
level=DEBUG ts=2022-05-02T11:23:06,861304 process=dpu.processor process_id=33551 caller=egse.dpu:1505 msg="Register Map for N-FEE
reg_0_config:
    v_start=0
    v_end=4509
reg_1_config:
    charge_injection_width=0
    charge_injection_gap=0
reg_2_config:
    parallel_toi_period=875
    parallel_clk_overlap=250
    ccd_readout_order=228
reg_3_config:
    n_final_dump=0
    h_end=2294
    charge_injection_en=0
    tri_level_clk_en=0
    img_clk_dir=0
    reg_clk_dir=0
reg_4_config:
    packet_size=32140
    int_sync_period=6250
reg_5_config:
    Trap_Pumping_Dwell_counter=12500
    sync_sel=0
    sensor_sel=3
    digitise_en=1
    DG_en=0
    ccd_read_en=1
    conv_dly=15
    High_precision_HK_en=0
reg_6_config:
    ccd1_win_list_ptr=0
reg_7_config:
    ccd1_pktorder_list_ptr=0
reg_8_config:
    ccd1_win_list_length=0
    ccd1_win_size_x=0
    ccd1_win_size_y=0
    reg_8_config_reserved=0
reg_9_config:
    ccd2_win_list_ptr=0
reg_10_config:
    ccd2_pktorder_list_ptr=0
reg_11_config:
    ccd2_win_list_length=0
    ccd2_win_size_x=0
    ccd2_win_size_y=0
    reg_11_config_reserved=0
reg_12_config:
    ccd3_win_list_ptr=0
reg_13_config:
    ccd3_pktorder_list_ptr=0
reg_14_config:
    ccd3_win_list_length=0
    ccd3_win_size_x=0
    ccd3_win_size_y=0
    reg_14_config_reserved=0
reg_15_config:
    ccd4_win_list_ptr=0
reg_16_config:
    ccd4_pktorder_list_ptr=0
reg_17_config:
    ccd4_win_list_length=0
    ccd4_win_size_x=0
    ccd4_win_size_y=0
    reg_17_config_reserved=0
reg_18_config:
    ccd_vod_config=3276
    ccd1_vrd_config=3685
    ccd2_vrd_config=101
reg_19_config:
    ccd2_vrd_config=14
    ccd3_vrd_config=3685
    ccd4_vrd_config=3685
    ccd_vgd_config=14
reg_20_config:
    ccd_vgd_config=207
    ccd_vog_config=410
    ccd_ig_hi_config=0
reg_21_config:
    ccd_ig_lo_config=0
    trk_hld_hi=4
    trk_hld_lo=14
    cont_rst_on=0
    cont_cds_on=0
    ccd_mode_config=0
    reg_21_config_reserved=0
    clear_error_flag=0
reg_22_config:
    r_cfg1=7
    r_cfg2=11
    cdsclp_lo=9
    reg_22_config_reserved=0
reg_23_config:
    ccd1_last_Epacket=0
    ccd1_last_Fpacket=0
    ccd2_last_Epacket=0
    reg_23_config_reserved=0
reg_24_config:
    ccd2_last_Fpacket=0
    ccd3_last_Epacket=0
    ccd3_last_Fpacket=0
    reg_24_config_reserved=0
reg_25_config:
    ccd4_last_Epacket=0
    ccd4_last_Fpacket=0
    Surface_Inversion_counter=100
    reg_25_config_reserved=0
reg_26_config:
    Readout_pause_counter=2000
    Trap_Pumping_Shuffle_counter=1000
"
level=WARNING ts=2022-05-02T19:02:32,738949 process=confman_cs process_id=25057 caller=egse.confman.confman_cs:353 msg="Couldn't connect to the Storage manager to store housekeeping: Proxy is not connected when entering the context."
level=WARNING ts=2022-05-02T19:02:33,155803 process=syn_cs process_id=25082 caller=egse.synoptics.syn_cs:353 msg="Couldn't connect to the Storage manager to store housekeeping: Proxy is not connected when entering the context."
level=WARNING ts=2022-05-02T19:02:31,966084 process=procman_cs process_id=25064 caller=egse.procman.procman_cs:353 msg="Couldn't connect to the Storage manager to store housekeeping: Proxy is not connected when entering the context."
level=WARNING ts=2022-05-02T19:03:59,830339 process=syn_cs process_id=25082 caller=egse.synoptics.syn_cs:353 msg="Couldn't connect to the Storage manager to store housekeeping: Proxy is not connected when entering the context."
level=WARNING ts=2022-05-02T19:03:59,835593 process=procman_cs process_id=25064 caller=egse.procman.procman_cs:353 msg="Couldn't connect to the Storage manager to store housekeeping: Proxy is not connected when entering the context."
level=WARNING ts=2022-05-02T19:03:59,840218 process=confman_cs process_id=25057 caller=egse.confman.confman_cs:353 msg="Couldn't connect to the Storage manager to store housekeeping: Proxy is not connected when entering the context."
level=ERROR ts=2022-05-02T19:03:59,934126 process=ogse_cs process_id=63885 caller=egse.collimator.fcul.ogse_cs:88 msg="Caught Exception: invalid literal for int() with base 10: '0.0'"
Traceback (most recent call last):
  File "/Users/rik/git/plato-common-egse/src/egse/collimator/fcul/ogse_cs.py", line 81, in start
    control_server.serve()
  File "/Users/rik/git/plato-common-egse/src/egse/control.py", line 261, in serve
    storage_manager and self.register_to_storage_manager()
  File "/Users/rik/git/plato-common-egse/src/egse/control.py", line 374, in register_to_storage_manager
    "column_names": list(self.device_protocol.get_housekeeping().keys()),
  File "/Users/rik/git/plato-common-egse/src/egse/collimator/fcul/ogse_protocol.py", line 45, in get_housekeeping
    ogse_status = self.device.status()
  File "/Users/rik/git/plato-common-egse/src/egse/mixin.py", line 329, in command_wrapper
    response = process_response(response)
  File "/Users/rik/git/plato-common-egse/src/egse/collimator/fcul/ogse.py", line 239, in decode_status_command
    att_index = int(att_index[1:-1])  # cut off the leading '#' and the trailing ','
ValueError: invalid literal for int() with base 10: '0.0'

level=WARNING ts=2022-05-02T19:04:03,204096 process=syn_cs process_id=25082 caller=egse.synoptics.syn_cs:353 msg="Couldn't connect to the Storage manager to store housekeeping: Proxy is not connected when entering the context."
level=WARNING ts=2022-05-02T19:04:02,867278 process=procman_cs process_id=25064 caller=egse.procman.procman_cs:353 msg="Couldn't connect to the Storage manager to store housekeeping: Proxy is not connected when entering the context."
level=WARNING ts=2022-05-02T19:04:03,029600 process=confman_cs process_id=25057 caller=egse.confman.confman_cs:353 msg="Couldn't connect to the Storage manager to store housekeeping: Proxy is not connected when entering the context."
level=WARNING ts=2022-05-02T19:04:11,632327 process=syn_cs process_id=25082 caller=egse.synoptics.syn_cs:353 msg="Couldn't connect to the Storage manager to store housekeeping: Proxy is not connected when entering the context."
level=WARNING ts=2022-05-02T19:04:11,629427 process=procman_cs process_id=25064 caller=egse.procman.procman_cs:353 msg="Couldn't connect to the Storage manager to store housekeeping: Proxy is not connected when entering the context."
level=WARNING ts=2022-05-02T19:04:11,633167 process=confman_cs process_id=25057 caller=egse.confman.confman_cs:353 msg="Couldn't connect to the Storage manager to store housekeeping: Proxy is not connected when entering the context."
level=WARNING ts=2022-05-02T19:04:15,380978 process=syn_cs process_id=25082 caller=egse.synoptics.syn_cs:353 msg="Couldn't connect to the Storage manager to store housekeeping: Proxy is not connected when entering the context."
level=WARNING ts=2022-05-02T19:04:15,380965 process=procman_cs process_id=25064 caller=egse.procman.procman_cs:353 msg="Couldn't connect to the Storage manager to store housekeeping: Proxy is not connected when entering the context."
level=ERROR ts=2022-05-12T07:50:56,043197 process=ogse_cs process_id=3367 caller=egse.collimator.fcul.ogse_cs:88 msg="Caught Exception: 'Setup' object has no attribute 'gse'"
Traceback (most recent call last):
  File "/Users/rik/git/plato-common-egse/src/egse/collimator/fcul/ogse_cs.py", line 80, in start
    control_server = OGSEControlServer()
  File "/Users/rik/git/plato-common-egse/src/egse/collimator/fcul/ogse_cs.py", line 33, in __init__
    self.device_protocol = OGSEProtocol(self)
  File "/Users/rik/git/plato-common-egse/src/egse/collimator/fcul/ogse_protocol.py", line 24, in __init__
    self.fwc_calibration = GlobalState.setup.gse.ogse.calibration.fwc_calibration
  File "/Users/rik/git/plato-common-egse/src/egse/setup.py", line 261, in __getattribute__
    value = object.__getattribute__(self, key)
AttributeError: 'Setup' object has no attribute 'gse'
